2017-01-01T10:11:14.674	INFO	Build started
2017-01-01T10:11:15.560	INFO	BuildRuleStarted(//poj:1088#default,private-headers)
2017-01-01T10:11:15.568	INFO	BuildRuleSuspended(//poj:1088#default,private-headers)
2017-01-01T10:11:15.568	INFO	BuildRuleStarted(//poj:1088#default,preprocessor-deps)
2017-01-01T10:11:15.569	INFO	BuildRuleSuspended(//poj:1088#default,preprocessor-deps)
2017-01-01T10:11:15.569	INFO	BuildRuleStarted(//poj:1088#default,preprocess-1088.cc.iiae4a457c)
2017-01-01T10:11:15.584	INFO	BuildRuleSuspended(//poj:1088#default,preprocess-1088.cc.iiae4a457c)
2017-01-01T10:11:15.584	INFO	BuildRuleStarted(//poj:1088#compile-1088.cc.ob86cf429,default)
2017-01-01T10:11:15.585	INFO	BuildRuleSuspended(//poj:1088#compile-1088.cc.ob86cf429,default)
2017-01-01T10:11:15.585	INFO	BuildRuleStarted(//poj:1088#binary)
2017-01-01T10:11:15.586	INFO	BuildRuleSuspended(//poj:1088#binary)
2017-01-01T10:11:15.586	INFO	BuildRuleStarted(//poj:1088)
2017-01-01T10:11:15.587	INFO	BuildRuleSuspended(//poj:1088)
2017-01-01T10:11:15.592	INFO	BuildRuleResumed(//poj:1088)
2017-01-01T10:11:15.592	INFO	BuildRuleResumed(//poj:1088#binary)
2017-01-01T10:11:15.599	INFO	BuildRuleResumed(//poj:1088#compile-1088.cc.ob86cf429,default)
2017-01-01T10:11:15.601	INFO	BuildRuleResumed(//poj:1088#default,preprocess-1088.cc.iiae4a457c)
2017-01-01T10:11:15.601	INFO	BuildRuleSuspended(//poj:1088#binary)
2017-01-01T10:11:15.601	INFO	BuildRuleSuspended(//poj:1088#compile-1088.cc.ob86cf429,default)
2017-01-01T10:11:15.601	INFO	BuildRuleSuspended(//poj:1088)
2017-01-01T10:11:15.601	INFO	BuildRuleSuspended(//poj:1088#default,preprocess-1088.cc.iiae4a457c)
2017-01-01T10:11:15.601	INFO	BuildRuleResumed(//poj:1088#default,preprocessor-deps)
2017-01-01T10:11:15.606	INFO	BuildRuleSuspended(//poj:1088#default,preprocessor-deps)
2017-01-01T10:11:15.606	INFO	BuildRuleResumed(//poj:1088#default,preprocessor-deps)
2017-01-01T10:11:15.611	INFO	BuildRuleSuspended(//poj:1088#default,preprocessor-deps)
2017-01-01T10:11:15.612	INFO	BuildRuleResumed(//poj:1088#default,preprocessor-deps)
2017-01-01T10:11:15.612	INFO	BuildRuleResumed(//poj:1088#default,preprocess-1088.cc.iiae4a457c)
2017-01-01T10:11:15.614	INFO	BuildRuleFinished(//poj:1088#default,preprocessor-deps): SUCCESS LOCAL_KEY_UNCHANGED_HIT MATCHING_RULE_KEY 3e059f1805db65799b37ce84307a889bbb4083f1
2017-01-01T10:11:15.653	INFO	BuildRuleSuspended(//poj:1088#default,preprocess-1088.cc.iiae4a457c)
2017-01-01T10:11:15.656	INFO	BuildRuleResumed(//poj:1088#default,preprocess-1088.cc.iiae4a457c)
2017-01-01T10:11:15.847	INFO	BuildRuleSuspended(//poj:1088#default,preprocess-1088.cc.iiae4a457c)
2017-01-01T10:11:15.847	INFO	BuildRuleResumed(//poj:1088#default,preprocess-1088.cc.iiae4a457c)
2017-01-01T10:11:15.866	INFO	BuildRuleSuspended(//poj:1088#default,preprocess-1088.cc.iiae4a457c)
2017-01-01T10:11:15.866	INFO	BuildRuleResumed(//poj:1088#default,preprocess-1088.cc.iiae4a457c)
2017-01-01T10:11:15.866	INFO	BuildRuleResumed(//poj:1088#compile-1088.cc.ob86cf429,default)
2017-01-01T10:11:15.868	INFO	BuildRuleSuspended(//poj:1088#compile-1088.cc.ob86cf429,default)
2017-01-01T10:11:15.868	INFO	BuildRuleResumed(//poj:1088#compile-1088.cc.ob86cf429,default)
2017-01-01T10:11:15.922	INFO	BuildRuleFinished(//poj:1088#default,preprocess-1088.cc.iiae4a457c): SUCCESS MISS BUILT_LOCALLY 0bb921deaca013baddb6a735f0b7a534ba1b2fe5 Id706b0e0ec1ad0bd391a48d2fcebec3bfe3130ea
2017-01-01T10:11:16.243	INFO	BuildRuleSuspended(//poj:1088#compile-1088.cc.ob86cf429,default)
2017-01-01T10:11:16.243	INFO	BuildRuleResumed(//poj:1088#compile-1088.cc.ob86cf429,default)
2017-01-01T10:11:16.245	INFO	BuildRuleSuspended(//poj:1088#compile-1088.cc.ob86cf429,default)
2017-01-01T10:11:16.246	INFO	BuildRuleResumed(//poj:1088#compile-1088.cc.ob86cf429,default)
2017-01-01T10:11:16.246	INFO	BuildRuleResumed(//poj:1088#binary)
2017-01-01T10:11:16.248	INFO	BuildRuleSuspended(//poj:1088#binary)
2017-01-01T10:11:16.249	INFO	BuildRuleResumed(//poj:1088#binary)
2017-01-01T10:11:16.258	INFO	BuildRuleFinished(//poj:1088#compile-1088.cc.ob86cf429,default): SUCCESS MISS BUILT_LOCALLY af122f87aa521823957d84f8386509d95b91dbbb I31a4b81b0edc7ba595f2f7aa4d1f83e54e887b8b
2017-01-01T10:11:16.384	INFO	BuildRuleSuspended(//poj:1088#binary)
2017-01-01T10:11:16.384	INFO	BuildRuleResumed(//poj:1088#binary)
2017-01-01T10:11:16.388	INFO	BuildRuleSuspended(//poj:1088#binary)
2017-01-01T10:11:16.389	INFO	BuildRuleResumed(//poj:1088#binary)
2017-01-01T10:11:16.389	INFO	BuildRuleResumed(//poj:1088)
2017-01-01T10:11:16.389	INFO	BuildRuleSuspended(//poj:1088)
2017-01-01T10:11:16.389	INFO	BuildRuleResumed(//poj:1088)
2017-01-01T10:11:16.389	INFO	BuildRuleSuspended(//poj:1088)
2017-01-01T10:11:16.389	INFO	BuildRuleResumed(//poj:1088)
2017-01-01T10:11:16.392	INFO	BuildRuleSuspended(//poj:1088)
2017-01-01T10:11:16.392	INFO	BuildRuleResumed(//poj:1088)
2017-01-01T10:11:16.395	INFO	BuildRuleFinished(//poj:1088): SUCCESS MISS BUILT_LOCALLY e07e2b7a8a4eb58766458d3dc95d995901852b7d
2017-01-01T10:11:16.397	INFO	BuildRuleFinished(//poj:1088#binary): SUCCESS MISS BUILT_LOCALLY 32af8c2fabff4a68e4f2b18f4def3758ce12bb78 I6d3f2b298c76249781e11f6121c787650af69819
2017-01-01T10:11:16.401	INFO	Build finished
